<?xml version="1.0" encoding="UTF-8"?>
<!-- Generated by org.testng.reporters.JUnitReportReporter -->
<testsuite hostname="DESKTOP-K8PGBR9" failures="0" tests="4" name="com.testng.Login_Priority" time="0.018" errors="0" timestamp="2023-11-26T13:07:18 IST" skipped="0">
  <testcase classname="com.testng.Login_Priority" name="signin" time="0.009"/>
  <testcase classname="com.testng.Login_Priority" name="buyroll" time="0.003"/>
  <testcase classname="com.testng.Login_Priority" name="pay" time="0.004"/>
  <testcase classname="com.testng.Login_Priority" name="signout" time="0.002"/>
</testsuite> <!-- com.testng.Login_Priority -->
