<?xml version="1.0" encoding="UTF-8"?>
<!-- Generated by org.testng.reporters.JUnitReportReporter -->
<testsuite hostname="DESKTOP-K8PGBR9" failures="0" tests="4" name="com.testng.Demo_TestNG" time="0.023" errors="0" timestamp="2023-10-31T08:14:32 IST" skipped="0">
  <testcase classname="com.testng.Demo_TestNG" name="add" time="0.013"/>
  <testcase classname="com.testng.Demo_TestNG" name="mul" time="0.004"/>
  <testcase classname="com.testng.Demo_TestNG" name="div" time="0.004"/>
  <testcase classname="com.testng.Demo_TestNG" name="sub" time="0.002"/>
</testsuite> <!-- com.testng.Demo_TestNG -->
