<?xml version="1.0" encoding="UTF-8"?>
<!-- Generated by org.testng.reporters.JUnitReportReporter -->
<testsuite hostname="DESKTOP-K8PGBR9" failures="0" tests="1" name="com.testng.TestNG_Demo" time="0.010" errors="0" timestamp="2023-10-31T08:14:58 IST" skipped="0">
  <testcase classname="com.testng.TestNG_Demo" name="add" time="0.010"/>
</testsuite> <!-- com.testng.TestNG_Demo -->
