<?xml version="1.0" encoding="UTF-8"?>
<!-- Generated by org.testng.reporters.JUnitReportReporter -->
<testsuite hostname="DESKTOP-K8PGBR9" failures="0" tests="5" name="com.annotations.Test_Annotations" time="0.081" errors="0" timestamp="2024-03-05T20:20:43 IST" skipped="0">
  <testcase classname="com.annotations.Test_Annotations" name="test1" time="0.054"/>
  <testcase classname="com.annotations.Test_Annotations" name="test1" time="0.004"/>
  <testcase classname="com.annotations.Test_Annotations" name="test" time="0.004"/>
  <testcase classname="com.annotations.Test_Annotations" name="test" time="0.009"/>
  <testcase classname="com.annotations.Test_Annotations" name="test" time="0.010"/>
</testsuite> <!-- com.annotations.Test_Annotations -->
