<?xml version="1.0" encoding="UTF-8"?>
<!-- Generated by org.testng.reporters.JUnitReportReporter -->
<testsuite hostname="DESKTOP-K8PGBR9" failures="0" tests="1" name="com.testng.Window_Handling" time="194.677" errors="0" timestamp="2023-11-16T20:45:15 IST" skipped="0">
  <testcase classname="com.testng.Window_Handling" name="win_Handling" time="194.677"/>
</testsuite> <!-- com.testng.Window_Handling -->
