<?xml version="1.0" encoding="UTF-8"?>
<!-- Generated by org.testng.reporters.JUnitReportReporter -->
<testsuite hostname="DESKTOP-K8PGBR9" failures="0" tests="1" name="com.testng.Param_Test" time="15.329" errors="0" timestamp="2023-11-28T21:33:25 IST" skipped="0">
  <testcase classname="com.testng.Param_Test" name="params_Test" time="15.329"/>
</testsuite> <!-- com.testng.Param_Test -->
