<?xml version="1.0" encoding="UTF-8"?>
<!-- Generated by org.testng.reporters.JUnitReportReporter -->
<testsuite hostname="DESKTOP-K8PGBR9" failures="0" tests="1" name="dependsn_Test.DependsOn2_Test" time="0.016" errors="0" timestamp="2024-08-01T15:08:00 IST" skipped="0">
  <testcase classname="dependsn_Test.DependsOn2_Test" name="signin" time="0.016"/>
</testsuite> <!-- dependsn_Test.DependsOn2_Test -->
