<?xml version="1.0" encoding="UTF-8"?>
<!-- Generated by org.testng.reporters.JUnitReportReporter -->
<testsuite hostname="DESKTOP-K8PGBR9" failures="0" tests="1" name="com.testng.Invocation_Test" time="36.361" errors="0" timestamp="2023-11-20T08:34:14 IST" skipped="0">
  <testcase classname="com.testng.Invocation_Test" name="invocation" time="36.361"/>
</testsuite> <!-- com.testng.Invocation_Test -->
