<?xml version="1.0" encoding="UTF-8"?>
<!-- Generated by org.testng.reporters.JUnitReportReporter -->
<testsuite hostname="DESKTOP-K8PGBR9" failures="0" tests="1" name="com.testng.Parallel_FindElements" time="34.933" errors="0" timestamp="2023-11-19T11:31:16 IST" skipped="0">
  <testcase classname="com.testng.Parallel_FindElements" name="findElements" time="34.933"/>
</testsuite> <!-- com.testng.Parallel_FindElements -->
