<?xml version="1.0" encoding="UTF-8"?>
<!-- Generated by org.testng.reporters.JUnitReportReporter -->
<testsuite hostname="DESKTOP-K8PGBR9" failures="0" tests="1" name="com.testng.ExpectExpection_Pool_Tout" time="37.894" errors="0" timestamp="2023-11-26T12:05:21 IST" skipped="0">
  <testcase classname="com.testng.ExpectExpection_Pool_Tout" name="findElements" time="37.894"/>
</testsuite> <!-- com.testng.ExpectExpection_Pool_Tout -->
