<?xml version="1.0" encoding="UTF-8"?>
<!-- Generated by org.testng.reporters.JUnitReportReporter -->
<testsuite hostname="DESKTOP-K8PGBR9" failures="0" tests="1" name="com.testng.FindElements_Test" time="35.020" errors="0" timestamp="2023-11-16T20:45:15 IST" skipped="0">
  <testcase classname="com.testng.FindElements_Test" name="findElements" time="35.020"/>
</testsuite> <!-- com.testng.FindElements_Test -->
