<?xml version="1.0" encoding="UTF-8"?>
<!-- Generated by org.testng.reporters.JUnitReportReporter -->
<testsuite hostname="DESKTOP-K8PGBR9" failures="0" tests="2" name="com.testng.Groups_Test" time="0.012" errors="0" timestamp="2023-12-28T08:59:29 IST" skipped="0">
  <testcase classname="com.testng.Groups_Test" name="signin" time="0.011"/>
  <testcase classname="com.testng.Groups_Test" name="pay" time="0.001"/>
</testsuite> <!-- com.testng.Groups_Test -->
