<?xml version="1.0" encoding="UTF-8"?>
<!-- Generated by org.testng.reporters.JUnitReportReporter -->
<testsuite hostname="DESKTOP-K8PGBR9" failures="0" tests="3" name="com.testng.DataProvider_Test" time="22.380" errors="0" timestamp="2024-02-11T14:12:03 IST" skipped="0">
  <testcase classname="com.testng.DataProvider_Test" name="dataparams" time="6.963"/>
  <testcase classname="com.testng.DataProvider_Test" name="dataparams" time="8.118"/>
  <testcase classname="com.testng.DataProvider_Test" name="dataparams" time="7.299"/>
</testsuite> <!-- com.testng.DataProvider_Test -->
